<?xml version="1.0" encoding="UTF-8"?>
<!-- Generated by org.testng.reporters.JUnitReportReporter -->
<testsuite skipped="0" hostname="wangwen-PC" name="auto.TestCase.NewTest" tests="1" failures="0" timestamp="11 八月 2017 10:17:33 GMT" time="18.193" errors="0">
  <testcase name="f" time="18.193" classname="auto.TestCase.NewTest"/>
</testsuite> <!-- auto.TestCase.NewTest -->
